<?xml version="1.0" encoding="UTF-8"?>
<!-- Generated by org.testng.reporters.JUnitReportReporter -->
<testsuite hostname="DESKTOP-N8FAJ3D" failures="0" tests="3" name="Module1_Test.Adactin_TestClass" time="27.453" errors="0" timestamp="2023-09-17T17:13:57 IST" skipped="0">
  <testcase classname="Module1_Test.Adactin_TestClass" name="VerifyUsername" time="10.284"/>
  <testcase classname="Module1_Test.Adactin_TestClass" name="VerifyTitle" time="2.235"/>
  <testcase classname="Module1_Test.Adactin_TestClass" name="BookAHotel" time="14.934"/>
</testsuite> <!-- Module1_Test.Adactin_TestClass -->
